十二月 11, 2018 2:20:44 下午 org.apache.catalina.startup.VersionLoggerListener log
信息: Server version:        Apache Tomcat/7.0.91
十二月 11, 2018 2:20:44 下午 org.apache.catalina.startup.VersionLoggerListener log
信息: Server built:          Sep 13 2018 19:52:12 UTC
十二月 11, 2018 2:20:44 下午 org.apache.catalina.startup.VersionLoggerListener log
信息: Server number:         7.0.91.0
十二月 11, 2018 2:20:44 下午 org.apache.catalina.startup.VersionLoggerListener log
信息: OS Name:               Windows 7
十二月 11, 2018 2:20:44 下午 org.apache.catalina.startup.VersionLoggerListener log
信息: OS Version:            6.1
十二月 11, 2018 2:20:44 下午 org.apache.catalina.startup.VersionLoggerListener log
信息: Architecture:          amd64
十二月 11, 2018 2:20:44 下午 org.apache.catalina.startup.VersionLoggerListener log
信息: Java Home:             F:\java\jdk1.8.0_71\jre
十二月 11, 2018 2:20:44 下午 org.apache.catalina.startup.VersionLoggerListener log
信息: JVM Version:           1.8.0_71-b15
十二月 11, 2018 2:20:44 下午 org.apache.catalina.startup.VersionLoggerListener log
信息: JVM Vendor:            Oracle Corporation
十二月 11, 2018 2:20:44 下午 org.apache.catalina.startup.VersionLoggerListener log
信息: CATALINA_BASE:         F:\java\apache-tomcat-7.0.91
十二月 11, 2018 2:20:44 下午 org.apache.catalina.startup.VersionLoggerListener log
信息: CATALINA_HOME:         F:\java\apache-tomcat-7.0.91
十二月 11, 2018 2:20:44 下午 org.apache.catalina.startup.VersionLoggerListener log
信息: Command line argument: -Djava.util.logging.config.file=F:\java\apache-tomcat-7.0.91\conf\logging.properties
十二月 11, 2018 2:20:44 下午 org.apache.catalina.startup.VersionLoggerListener log
信息: Command line argument: -Djava.util.logging.manager=org.apache.juli.ClassLoaderLogManager
十二月 11, 2018 2:20:44 下午 org.apache.catalina.startup.VersionLoggerListener log
信息: Command line argument: -Djdk.tls.ephemeralDHKeySize=2048
十二月 11, 2018 2:20:44 下午 org.apache.catalina.startup.VersionLoggerListener log
信息: Command line argument: -Dignore.endorsed.dirs=
十二月 11, 2018 2:20:44 下午 org.apache.catalina.startup.VersionLoggerListener log
信息: Command line argument: -Dcatalina.base=F:\java\apache-tomcat-7.0.91
十二月 11, 2018 2:20:44 下午 org.apache.catalina.startup.VersionLoggerListener log
信息: Command line argument: -Dcatalina.home=F:\java\apache-tomcat-7.0.91
十二月 11, 2018 2:20:44 下午 org.apache.catalina.startup.VersionLoggerListener log
信息: Command line argument: -Djava.io.tmpdir=F:\java\apache-tomcat-7.0.91\temp
十二月 11, 2018 2:20:44 下午 org.apache.catalina.core.AprLifecycleListener lifecycleEvent
信息: Loaded APR based Apache Tomcat Native library 1.2.17 using APR version 1.6.3.
十二月 11, 2018 2:20:44 下午 org.apache.catalina.core.AprLifecycleListener lifecycleEvent
信息: APR capabilities: IPv6 [true], sendfile [true], accept filters [false], random [true].
十二月 11, 2018 2:20:44 下午 org.apache.catalina.core.AprLifecycleListener initializeSSL
信息: OpenSSL successfully initialized (OpenSSL 1.0.2o  27 Mar 2018)
十二月 11, 2018 2:20:45 下午 org.apache.coyote.AbstractProtocol init
信息: Initializing ProtocolHandler ["http-apr-8080"]
十二月 11, 2018 2:20:45 下午 org.apache.coyote.AbstractProtocol init
信息: Initializing ProtocolHandler ["ajp-apr-8009"]
十二月 11, 2018 2:20:45 下午 org.apache.catalina.startup.Catalina load
信息: Initialization processed in 967 ms
十二月 11, 2018 2:20:45 下午 org.apache.catalina.core.StandardService startInternal
信息: Starting service Catalina
十二月 11, 2018 2:20:45 下午 org.apache.catalina.core.StandardEngine startInternal
信息: Starting Servlet Engine: Apache Tomcat/7.0.91
十二月 11, 2018 2:20:45 下午 org.apache.catalina.startup.HostConfig deployDirectory
信息: Deploying web application directory F:\java\apache-tomcat-7.0.91\webapps\docs
十二月 11, 2018 2:20:45 下午 org.apache.catalina.startup.HostConfig deployDirectory
信息: Deployment of web application directory F:\java\apache-tomcat-7.0.91\webapps\docs has finished in 315 ms
十二月 11, 2018 2:20:45 下午 org.apache.catalina.startup.HostConfig deployDirectory
信息: Deploying web application directory F:\java\apache-tomcat-7.0.91\webapps\examples
十二月 11, 2018 2:20:45 下午 org.apache.catalina.startup.HostConfig deployDirectory
信息: Deployment of web application directory F:\java\apache-tomcat-7.0.91\webapps\examples has finished in 194 ms
十二月 11, 2018 2:20:45 下午 org.apache.catalina.startup.HostConfig deployDirectory
信息: Deploying web application directory F:\java\apache-tomcat-7.0.91\webapps\host-manager
十二月 11, 2018 2:20:45 下午 org.apache.catalina.startup.HostConfig deployDirectory
信息: Deployment of web application directory F:\java\apache-tomcat-7.0.91\webapps\host-manager has finished in 43 ms
十二月 11, 2018 2:20:45 下午 org.apache.catalina.startup.HostConfig deployDirectory
信息: Deploying web application directory F:\java\apache-tomcat-7.0.91\webapps\manager
十二月 11, 2018 2:20:45 下午 org.apache.catalina.startup.HostConfig deployDirectory
信息: Deployment of web application directory F:\java\apache-tomcat-7.0.91\webapps\manager has finished in 45 ms
十二月 11, 2018 2:20:45 下午 org.apache.catalina.startup.HostConfig deployDirectory
信息: Deploying web application directory F:\java\apache-tomcat-7.0.91\webapps\ROOT
十二月 11, 2018 2:20:45 下午 org.apache.catalina.startup.HostConfig deployDirectory
信息: Deployment of web application directory F:\java\apache-tomcat-7.0.91\webapps\ROOT has finished in 30 ms
十二月 11, 2018 2:20:45 下午 org.apache.coyote.AbstractProtocol start
信息: Starting ProtocolHandler ["http-apr-8080"]
十二月 11, 2018 2:20:45 下午 org.apache.coyote.AbstractProtocol start
信息: Starting ProtocolHandler ["ajp-apr-8009"]
十二月 11, 2018 2:20:45 下午 org.apache.catalina.startup.Catalina start
信息: Server startup in 685 ms
十二月 11, 2018 2:21:24 下午 org.apache.catalina.startup.VersionLoggerListener log
信息: Server version:        Apache Tomcat/7.0.91
十二月 11, 2018 2:21:24 下午 org.apache.catalina.startup.VersionLoggerListener log
信息: Server built:          Sep 13 2018 19:52:12 UTC
十二月 11, 2018 2:21:24 下午 org.apache.catalina.startup.VersionLoggerListener log
信息: Server number:         7.0.91.0
十二月 11, 2018 2:21:24 下午 org.apache.catalina.startup.VersionLoggerListener log
信息: OS Name:               Windows 7
十二月 11, 2018 2:21:24 下午 org.apache.catalina.startup.VersionLoggerListener log
信息: OS Version:            6.1
十二月 11, 2018 2:21:24 下午 org.apache.catalina.startup.VersionLoggerListener log
信息: Architecture:          amd64
十二月 11, 2018 2:21:24 下午 org.apache.catalina.startup.VersionLoggerListener log
信息: Java Home:             F:\java\jdk1.8.0_71\jre
十二月 11, 2018 2:21:24 下午 org.apache.catalina.startup.VersionLoggerListener log
信息: JVM Version:           1.8.0_71-b15
十二月 11, 2018 2:21:24 下午 org.apache.catalina.startup.VersionLoggerListener log
信息: JVM Vendor:            Oracle Corporation
十二月 11, 2018 2:21:24 下午 org.apache.catalina.startup.VersionLoggerListener log
信息: CATALINA_BASE:         F:\java\apache-tomcat-7.0.91
十二月 11, 2018 2:21:24 下午 org.apache.catalina.startup.VersionLoggerListener log
信息: CATALINA_HOME:         F:\java\apache-tomcat-7.0.91
十二月 11, 2018 2:21:24 下午 org.apache.catalina.startup.VersionLoggerListener log
信息: Command line argument: -Djava.util.logging.config.file=F:\java\apache-tomcat-7.0.91\conf\logging.properties
十二月 11, 2018 2:21:24 下午 org.apache.catalina.startup.VersionLoggerListener log
信息: Command line argument: -Djava.util.logging.manager=org.apache.juli.ClassLoaderLogManager
十二月 11, 2018 2:21:24 下午 org.apache.catalina.startup.VersionLoggerListener log
信息: Command line argument: -Djdk.tls.ephemeralDHKeySize=2048
十二月 11, 2018 2:21:24 下午 org.apache.catalina.startup.VersionLoggerListener log
信息: Command line argument: -Dignore.endorsed.dirs=
十二月 11, 2018 2:21:24 下午 org.apache.catalina.startup.VersionLoggerListener log
信息: Command line argument: -Dcatalina.base=F:\java\apache-tomcat-7.0.91
十二月 11, 2018 2:21:24 下午 org.apache.catalina.startup.VersionLoggerListener log
信息: Command line argument: -Dcatalina.home=F:\java\apache-tomcat-7.0.91
十二月 11, 2018 2:21:24 下午 org.apache.catalina.startup.VersionLoggerListener log
信息: Command line argument: -Djava.io.tmpdir=F:\java\apache-tomcat-7.0.91\temp
十二月 11, 2018 2:21:24 下午 org.apache.catalina.core.AprLifecycleListener lifecycleEvent
信息: Loaded APR based Apache Tomcat Native library 1.2.17 using APR version 1.6.3.
十二月 11, 2018 2:21:24 下午 org.apache.catalina.core.AprLifecycleListener lifecycleEvent
信息: APR capabilities: IPv6 [true], sendfile [true], accept filters [false], random [true].
十二月 11, 2018 2:21:24 下午 org.apache.catalina.core.AprLifecycleListener initializeSSL
信息: OpenSSL successfully initialized (OpenSSL 1.0.2o  27 Mar 2018)
十二月 11, 2018 2:21:25 下午 org.apache.coyote.AbstractProtocol init
信息: Initializing ProtocolHandler ["http-apr-8080"]
十二月 11, 2018 2:21:25 下午 org.apache.coyote.AbstractProtocol init
信息: Initializing ProtocolHandler ["ajp-apr-8009"]
十二月 11, 2018 2:21:25 下午 org.apache.catalina.startup.Catalina load
信息: Initialization processed in 975 ms
十二月 11, 2018 2:21:25 下午 org.apache.catalina.core.StandardService startInternal
信息: Starting service Catalina
十二月 11, 2018 2:21:25 下午 org.apache.catalina.core.StandardEngine startInternal
信息: Starting Servlet Engine: Apache Tomcat/7.0.91
十二月 11, 2018 2:21:25 下午 org.apache.catalina.startup.HostConfig deployDirectory
信息: Deploying web application directory F:\java\apache-tomcat-7.0.91\webapps\docs
十二月 11, 2018 2:21:25 下午 org.apache.catalina.startup.HostConfig deployDirectory
信息: Deployment of web application directory F:\java\apache-tomcat-7.0.91\webapps\docs has finished in 329 ms
十二月 11, 2018 2:21:25 下午 org.apache.catalina.startup.HostConfig deployDirectory
信息: Deploying web application directory F:\java\apache-tomcat-7.0.91\webapps\examples
十二月 11, 2018 2:21:25 下午 org.apache.catalina.startup.HostConfig deployDirectory
信息: Deployment of web application directory F:\java\apache-tomcat-7.0.91\webapps\examples has finished in 209 ms
十二月 11, 2018 2:21:25 下午 org.apache.catalina.startup.HostConfig deployDirectory
信息: Deploying web application directory F:\java\apache-tomcat-7.0.91\webapps\host-manager
十二月 11, 2018 2:21:25 下午 org.apache.catalina.startup.HostConfig deployDirectory
信息: Deployment of web application directory F:\java\apache-tomcat-7.0.91\webapps\host-manager has finished in 40 ms
十二月 11, 2018 2:21:25 下午 org.apache.catalina.startup.HostConfig deployDirectory
信息: Deploying web application directory F:\java\apache-tomcat-7.0.91\webapps\manager
十二月 11, 2018 2:21:25 下午 org.apache.catalina.startup.HostConfig deployDirectory
信息: Deployment of web application directory F:\java\apache-tomcat-7.0.91\webapps\manager has finished in 41 ms
十二月 11, 2018 2:21:25 下午 org.apache.catalina.startup.HostConfig deployDirectory
信息: Deploying web application directory F:\java\apache-tomcat-7.0.91\webapps\ROOT
十二月 11, 2018 2:21:25 下午 org.apache.catalina.startup.HostConfig deployDirectory
信息: Deployment of web application directory F:\java\apache-tomcat-7.0.91\webapps\ROOT has finished in 31 ms
十二月 11, 2018 2:21:25 下午 org.apache.coyote.AbstractProtocol start
信息: Starting ProtocolHandler ["http-apr-8080"]
十二月 11, 2018 2:21:25 下午 org.apache.coyote.AbstractProtocol start
信息: Starting ProtocolHandler ["ajp-apr-8009"]
十二月 11, 2018 2:21:25 下午 org.apache.catalina.startup.Catalina start
信息: Server startup in 700 ms
十二月 11, 2018 2:29:01 下午 org.apache.catalina.startup.Catalina stopServer
严重: Could not contact localhost:8005. Tomcat may not be running.
十二月 11, 2018 2:29:01 下午 org.apache.catalina.startup.Catalina stopServer
严重: Catalina.stop: 
java.net.ConnectException: Connection refused: connect
	at java.net.DualStackPlainSocketImpl.connect0(Native Method)
	at java.net.DualStackPlainSocketImpl.socketConnect(DualStackPlainSocketImpl.java:79)
	at java.net.AbstractPlainSocketImpl.doConnect(AbstractPlainSocketImpl.java:350)
	at java.net.AbstractPlainSocketImpl.connectToAddress(AbstractPlainSocketImpl.java:206)
	at java.net.AbstractPlainSocketImpl.connect(AbstractPlainSocketImpl.java:188)
	at java.net.PlainSocketImpl.connect(PlainSocketImpl.java:172)
	at java.net.SocksSocketImpl.connect(SocksSocketImpl.java:392)
	at java.net.Socket.connect(Socket.java:589)
	at java.net.Socket.connect(Socket.java:538)
	at java.net.Socket.<init>(Socket.java:434)
	at java.net.Socket.<init>(Socket.java:211)
	at org.apache.catalina.startup.Catalina.stopServer(Catalina.java:505)
	at sun.reflect.NativeMethodAccessorImpl.invoke0(Native Method)
	at sun.reflect.NativeMethodAccessorImpl.invoke(NativeMethodAccessorImpl.java:62)
	at sun.reflect.DelegatingMethodAccessorImpl.invoke(DelegatingMethodAccessorImpl.java:43)
	at java.lang.reflect.Method.invoke(Method.java:497)
	at org.apache.catalina.startup.Bootstrap.stopServer(Bootstrap.java:343)
	at org.apache.catalina.startup.Bootstrap.main(Bootstrap.java:433)

